<?xml version="1.0" encoding="UTF-8"?>
<!-- Generated by org.testng.reporters.JUnitReportReporter -->
<testsuite hostname="Akash" failures="0" tests="2" name="practiceSelenium.LoginBaseClass" time="12.046" errors="0" timestamp="2024-08-04T18:39:22 IST" skipped="0">
  <testcase classname="practiceSelenium.LoginBaseClass" name="testLogin" time="8.286"/>
  <testcase classname="practiceSelenium.LoginBaseClass" name="UrlValidate" time="3.760"/>
</testsuite> <!-- practiceSelenium.LoginBaseClass -->
