<?xml version="1.0" encoding="UTF-8"?>
<!-- Generated by org.testng.reporters.JUnitReportReporter -->
<testsuite hostname="Akash" failures="0" tests="1" name="practiceSelenium.LoginBaseClass" time="3.924" errors="0" timestamp="2024-09-21T15:11:39 IST" skipped="0">
  <testcase classname="practiceSelenium.LoginBaseClass" name="UrlValidateTest" time="3.924"/>
</testsuite> <!-- practiceSelenium.LoginBaseClass -->
