<?xml version="1.0" encoding="UTF-8"?>
<!-- Generated by org.testng.reporters.JUnitReportReporter -->
<testsuite hostname="Akash" failures="0" tests="3" name="practiceSelenium.ActionsPractice" time="31.096" errors="0" timestamp="2024-08-09T16:41:21 IST" skipped="0">
  <testcase classname="practiceSelenium.ActionsPractice" name="DragTest" time="12.888"/>
  <testcase classname="practiceSelenium.ActionsPractice" name="Hover" time="13.979"/>
  <testcase classname="practiceSelenium.ActionsPractice" name="ClickAndHold" time="4.229"/>
</testsuite> <!-- practiceSelenium.ActionsPractice -->
