<?xml version="1.0" encoding="UTF-8"?>
<!-- Generated by org.testng.reporters.JUnitReportReporter -->
<testsuite hostname="Akash" failures="0" tests="2" name="practiceSelenium.LoginBaseClass" time="10.043" errors="0" timestamp="2024-08-09T16:41:21 IST" skipped="0">
  <testcase classname="practiceSelenium.LoginBaseClass" name="testLogin" time="6.280"/>
  <testcase classname="practiceSelenium.LoginBaseClass" name="UrlValidate" time="3.763"/>
</testsuite> <!-- practiceSelenium.LoginBaseClass -->
