<?xml version="1.0" encoding="UTF-8"?>
<!-- Generated by org.testng.reporters.JUnitReportReporter -->
<testsuite hostname="Akash" failures="0" tests="2" name="task.WindowHandle" time="30.486" errors="0" timestamp="2024-08-20T19:12:51 IST" skipped="0">
  <testcase classname="task.WindowHandle" name="WindowHandle" time="13.876"/>
  <testcase classname="task.WindowHandle" name="TabHandle" time="16.610"/>
</testsuite> <!-- task.WindowHandle -->
