<?xml version="1.0" encoding="UTF-8"?>
<!-- Generated by org.testng.reporters.JUnitReportReporter -->
<testsuite hostname="Akash" failures="0" tests="3" name="practiceSelenium.Login" time="19.919" errors="0" timestamp="2024-08-20T19:12:51 IST" skipped="0">
  <testcase classname="practiceSelenium.Login" name="TestWithDataProvider" time="7.356"/>
  <testcase classname="practiceSelenium.Login" name="TestWithDataProvider" time="5.811"/>
  <testcase classname="practiceSelenium.Login" name="TestWithDataProvider" time="6.752"/>
</testsuite> <!-- practiceSelenium.Login -->
