<?xml version="1.0" encoding="UTF-8"?>
<!-- Generated by org.testng.reporters.JUnitReportReporter -->
<testsuite hostname="Akash" failures="0" tests="3" name="practiceSelenium.ActionsPractice" time="24.353" errors="0" timestamp="2024-08-20T19:12:51 IST" skipped="0">
  <testcase classname="practiceSelenium.ActionsPractice" name="DragTest" time="9.920"/>
  <testcase classname="practiceSelenium.ActionsPractice" name="Hover" time="10.221"/>
  <testcase classname="practiceSelenium.ActionsPractice" name="ClickAndHold" time="4.212"/>
</testsuite> <!-- practiceSelenium.ActionsPractice -->
