<?xml version="1.0" encoding="UTF-8"?>
<!-- Generated by org.testng.reporters.JUnitReportReporter -->
<testsuite hostname="Akash" failures="0" tests="1" name="task.BrokenLinks" time="11.134" errors="0" timestamp="2024-08-17T14:33:06 IST" skipped="0">
  <testcase classname="task.BrokenLinks" name="BrokenLinkTest" time="11.134"/>
</testsuite> <!-- task.BrokenLinks -->
