<?xml version="1.0" encoding="UTF-8"?>
<!-- Generated by org.testng.reporters.JUnitReportReporter -->
<testsuite hostname="Akash" failures="0" tests="3" name="practiceSelenium.Login" time="22.128" errors="0" timestamp="2024-08-09T16:41:21 IST" skipped="0">
  <testcase classname="practiceSelenium.Login" name="test" time="9.460"/>
  <testcase classname="practiceSelenium.Login" name="test" time="6.455"/>
  <testcase classname="practiceSelenium.Login" name="test" time="6.213"/>
</testsuite> <!-- practiceSelenium.Login -->
