<?xml version="1.0" encoding="UTF-8"?>
<!-- Generated by org.testng.reporters.JUnitReportReporter -->
<testsuite hostname="Akash" failures="0" tests="3" name="practiceSelenium.Login" time="20.351" errors="0" timestamp="2024-08-04T17:57:38 IST" skipped="0">
  <testcase classname="practiceSelenium.Login" name="test" time="7.979"/>
  <testcase classname="practiceSelenium.Login" name="test" time="6.213"/>
  <testcase classname="practiceSelenium.Login" name="test" time="6.159"/>
</testsuite> <!-- practiceSelenium.Login -->
